2018-12-07 11:58:43,878 [INFO] from otoroshi-env in main - Admin API exposed on http://otoroshi-api.foo.bar:8080
2018-12-07 11:58:43,880 [INFO] from otoroshi-env in main - Admin UI  exposed on http://otoroshi.foo.bar:8080
2018-12-07 11:58:43,916 [INFO] from otoroshi-in-memory-datastores in main - Now using InMemory DataStores
2018-12-07 11:58:44,397 [INFO] from otoroshi-env in otoroshi-actor-system-akka.actor.default-dispatcher-3 - The main datastore seems to be empty, registering some basic services
2018-12-07 11:58:44,435 [INFO] from otoroshi-env in otoroshi-actor-system-akka.actor.default-dispatcher-3 - You can log into the Otoroshi admin console with the following credentials: admin@otoroshi.io / IJXkZUEYljmSfbTQOzHzzXCcHekqHgto
2018-12-07 11:58:44,954 [INFO] from play.api.Play in main - Application started (Prod)
2018-12-07 11:58:45,689 [INFO] from play.core.server.AkkaHttpServer in main - Listening for HTTP on /0:0:0:0:0:0:0:0:8080
2018-12-07 11:58:45,690 [INFO] from play.core.server.AkkaHttpServer in main - Listening for HTTPS on /0:0:0:0:0:0:0:0:8443
2018-12-07 11:58:45,802 [INFO] from otoroshi-env in otoroshi-actor-system-akka.actor.default-dispatcher-3 - Generating a self signed SSL certificate for https://*.foo.bar ...
2018-12-07 12:00:41,582 [ERROR] from otoroshi-http-handler in application-akka.actor.default-dispatcher-7 - error while transfering stream for http://otoroshi-api.foo.bar/api/live/global?every=2000
java.io.IOException: Connection reset by peer
	at java.base/sun.nio.ch.FileDispatcherImpl.read0(Native Method)
	at java.base/sun.nio.ch.SocketDispatcher.read(SocketDispatcher.java:39)
	at java.base/sun.nio.ch.IOUtil.readIntoNativeBuffer(IOUtil.java:276)
	at java.base/sun.nio.ch.IOUtil.read(IOUtil.java:233)
	at java.base/sun.nio.ch.IOUtil.read(IOUtil.java:223)
	at java.base/sun.nio.ch.SocketChannelImpl.read(SocketChannelImpl.java:358)
	at play.shaded.ahc.io.netty.buffer.UnpooledUnsafeDirectByteBuf.setBytes(UnpooledUnsafeDirectByteBuf.java:368)
	at play.shaded.ahc.io.netty.buffer.AbstractByteBuf.writeBytes(AbstractByteBuf.java:891)
	at play.shaded.ahc.io.netty.channel.socket.nio.NioSocketChannel.doReadBytes(NioSocketChannel.java:277)
	at play.shaded.ahc.io.netty.channel.nio.AbstractNioByteChannel$NioByteUnsafe.read(AbstractNioByteChannel.java:119)
	at play.shaded.ahc.io.netty.channel.nio.NioEventLoop.processSelectedKey(NioEventLoop.java:646)
	at play.shaded.ahc.io.netty.channel.nio.NioEventLoop.processSelectedKeysOptimized(NioEventLoop.java:581)
	at play.shaded.ahc.io.netty.channel.nio.NioEventLoop.processSelectedKeys(NioEventLoop.java:498)
	at play.shaded.ahc.io.netty.channel.nio.NioEventLoop.run(NioEventLoop.java:460)
	at play.shaded.ahc.io.netty.util.concurrent.SingleThreadEventExecutor$2.run(SingleThreadEventExecutor.java:131)
	at play.shaded.ahc.io.netty.util.concurrent.DefaultThreadFactory$DefaultRunnableDecorator.run(DefaultThreadFactory.java:138)
	at java.base/java.lang.Thread.run(Thread.java:834)
2018-12-07 12:03:43,042 [WARN] from otoroshi-circuit-breaker in otoroshi-actor-system-akka.actor.default-dispatcher-10 - Error calling my-service : GET / (1/1 attemps) : PKIX path building failed: sun.security.provider.certpath.SunCertPathBuilderException: unable to find valid certification path to requested target
2018-12-07 12:03:43,105 [WARN] from otoroshi-circuit-breaker in otoroshi-actor-system-akka.actor.default-dispatcher-10 - Retry failure (1 attemps) for my-service : GET / => PKIX path building failed: sun.security.provider.certpath.SunCertPathBuilderException: unable to find valid certification path to requested target
2018-12-07 12:03:43,107 [ERROR] from otoroshi-http-handler in otoroshi-actor-system-akka.actor.default-dispatcher-10 - Something went wrong, you should try later
java.net.ConnectException: PKIX path building failed: sun.security.provider.certpath.SunCertPathBuilderException: unable to find valid certification path to requested target
	at play.shaded.ahc.org.asynchttpclient.netty.channel.NettyConnectListener.onFailure(NettyConnectListener.java:168)
	at play.shaded.ahc.org.asynchttpclient.netty.channel.NettyConnectListener$1.onFailure(NettyConnectListener.java:139)
	at play.shaded.ahc.org.asynchttpclient.netty.SimpleFutureListener.operationComplete(SimpleFutureListener.java:26)
	at play.shaded.ahc.io.netty.util.concurrent.DefaultPromise.notifyListener0(DefaultPromise.java:507)
	at play.shaded.ahc.io.netty.util.concurrent.DefaultPromise.notifyListeners0(DefaultPromise.java:500)
	at play.shaded.ahc.io.netty.util.concurrent.DefaultPromise.notifyListenersNow(DefaultPromise.java:479)
	at play.shaded.ahc.io.netty.util.concurrent.DefaultPromise.notifyListeners(DefaultPromise.java:420)
	at play.shaded.ahc.io.netty.util.concurrent.DefaultPromise.tryFailure(DefaultPromise.java:122)
	at play.shaded.ahc.io.netty.handler.ssl.SslHandler.notifyHandshakeFailure(SslHandler.java:1443)
	at play.shaded.ahc.io.netty.handler.ssl.SslHandler.setHandshakeFailure(SslHandler.java:1435)
	at play.shaded.ahc.io.netty.handler.ssl.SslHandler.setHandshakeFailure(SslHandler.java:1409)
	at play.shaded.ahc.io.netty.handler.ssl.SslHandler.handleUnwrapThrowable(SslHandler.java:1114)
	at play.shaded.ahc.io.netty.handler.ssl.SslHandler.decodeJdkCompatible(SslHandler.java:1093)
	at play.shaded.ahc.io.netty.handler.ssl.SslHandler.decode(SslHandler.java:1122)
	at play.shaded.ahc.io.netty.handler.codec.ByteToMessageDecoder.decodeRemovalReentryProtection(ByteToMessageDecoder.java:491)
	at play.shaded.ahc.io.netty.handler.codec.ByteToMessageDecoder.callDecode(ByteToMessageDecoder.java:430)
	at play.shaded.ahc.io.netty.handler.codec.ByteToMessageDecoder.channelRead(ByteToMessageDecoder.java:267)
	at play.shaded.ahc.io.netty.channel.AbstractChannelHandlerContext.invokeChannelRead(AbstractChannelHandlerContext.java:356)
	at play.shaded.ahc.io.netty.channel.AbstractChannelHandlerContext.invokeChannelRead(AbstractChannelHandlerContext.java:342)
	at play.shaded.ahc.io.netty.channel.AbstractChannelHandlerContext.fireChannelRead(AbstractChannelHandlerContext.java:335)
	at play.shaded.ahc.io.netty.channel.DefaultChannelPipeline$HeadContext.channelRead(DefaultChannelPipeline.java:1302)
	at play.shaded.ahc.io.netty.channel.AbstractChannelHandlerContext.invokeChannelRead(AbstractChannelHandlerContext.java:356)
	at play.shaded.ahc.io.netty.channel.AbstractChannelHandlerContext.invokeChannelRead(AbstractChannelHandlerContext.java:342)
	at play.shaded.ahc.io.netty.channel.DefaultChannelPipeline.fireChannelRead(DefaultChannelPipeline.java:919)
	at play.shaded.ahc.io.netty.channel.nio.AbstractNioByteChannel$NioByteUnsafe.read(AbstractNioByteChannel.java:131)
	at play.shaded.ahc.io.netty.channel.nio.NioEventLoop.processSelectedKey(NioEventLoop.java:646)
	at play.shaded.ahc.io.netty.channel.nio.NioEventLoop.processSelectedKeysOptimized(NioEventLoop.java:581)
	at play.shaded.ahc.io.netty.channel.nio.NioEventLoop.processSelectedKeys(NioEventLoop.java:498)
	at play.shaded.ahc.io.netty.channel.nio.NioEventLoop.run(NioEventLoop.java:460)
	at play.shaded.ahc.io.netty.util.concurrent.SingleThreadEventExecutor$2.run(SingleThreadEventExecutor.java:131)
	at play.shaded.ahc.io.netty.util.concurrent.DefaultThreadFactory$DefaultRunnableDecorator.run(DefaultThreadFactory.java:138)
	at java.base/java.lang.Thread.run(Thread.java:834)
Caused by: javax.net.ssl.SSLHandshakeException: PKIX path building failed: sun.security.provider.certpath.SunCertPathBuilderException: unable to find valid certification path to requested target
	at java.base/sun.security.ssl.Alert.createSSLException(Alert.java:128)
	at java.base/sun.security.ssl.TransportContext.fatal(TransportContext.java:321)
	at java.base/sun.security.ssl.TransportContext.fatal(TransportContext.java:264)
	at java.base/sun.security.ssl.TransportContext.fatal(TransportContext.java:259)
	at java.base/sun.security.ssl.CertificateMessage$T12CertificateConsumer.checkServerCerts(CertificateMessage.java:642)
	at java.base/sun.security.ssl.CertificateMessage$T12CertificateConsumer.onCertificate(CertificateMessage.java:461)
	at java.base/sun.security.ssl.CertificateMessage$T12CertificateConsumer.consume(CertificateMessage.java:361)
	at java.base/sun.security.ssl.SSLHandshake.consume(SSLHandshake.java:392)
	at java.base/sun.security.ssl.HandshakeContext.dispatch(HandshakeContext.java:444)
	at java.base/sun.security.ssl.SSLEngineImpl$DelegatedTask$DelegatedAction.run(SSLEngineImpl.java:1065)
	at java.base/sun.security.ssl.SSLEngineImpl$DelegatedTask$DelegatedAction.run(SSLEngineImpl.java:1052)
	at java.base/java.security.AccessController.doPrivileged(Native Method)
	at java.base/sun.security.ssl.SSLEngineImpl$DelegatedTask.run(SSLEngineImpl.java:999)
	at play.shaded.ahc.io.netty.handler.ssl.SslHandler.runDelegatedTasks(SslHandler.java:1324)
	at play.shaded.ahc.io.netty.handler.ssl.SslHandler.unwrap(SslHandler.java:1232)
	at play.shaded.ahc.io.netty.handler.ssl.SslHandler.decodeJdkCompatible(SslHandler.java:1087)
	... 19 common frames omitted
Caused by: sun.security.validator.ValidatorException: PKIX path building failed: sun.security.provider.certpath.SunCertPathBuilderException: unable to find valid certification path to requested target
	at java.base/sun.security.validator.PKIXValidator.doBuild(PKIXValidator.java:385)
	at java.base/sun.security.validator.PKIXValidator.engineValidate(PKIXValidator.java:290)
	at java.base/sun.security.validator.Validator.validate(Validator.java:264)
	at java.base/sun.security.ssl.X509TrustManagerImpl.validate(X509TrustManagerImpl.java:321)
	at java.base/sun.security.ssl.X509TrustManagerImpl.checkTrusted(X509TrustManagerImpl.java:279)
	at java.base/sun.security.ssl.X509TrustManagerImpl.checkServerTrusted(X509TrustManagerImpl.java:141)
	at java.base/sun.security.ssl.CertificateMessage$T12CertificateConsumer.checkServerCerts(CertificateMessage.java:620)
	... 30 common frames omitted
Caused by: sun.security.provider.certpath.SunCertPathBuilderException: unable to find valid certification path to requested target
	at java.base/sun.security.provider.certpath.SunCertPathBuilder.build(SunCertPathBuilder.java:141)
	at java.base/sun.security.provider.certpath.SunCertPathBuilder.engineBuild(SunCertPathBuilder.java:126)
	at java.base/java.security.cert.CertPathBuilder.build(CertPathBuilder.java:297)
	at java.base/sun.security.validator.PKIXValidator.doBuild(PKIXValidator.java:380)
	... 36 common frames omitted
2018-12-07 12:05:43,049 [WARN] from otoroshi-circuit-breaker in otoroshi-actor-system-akka.actor.default-dispatcher-2 - Error calling my-service : GET / (1/1 attemps) : PKIX path building failed: sun.security.provider.certpath.SunCertPathBuilderException: unable to find valid certification path to requested target
2018-12-07 12:05:43,117 [WARN] from otoroshi-circuit-breaker in otoroshi-actor-system-akka.actor.default-dispatcher-2 - Retry failure (1 attemps) for my-service : GET / => PKIX path building failed: sun.security.provider.certpath.SunCertPathBuilderException: unable to find valid certification path to requested target
2018-12-07 12:05:43,118 [ERROR] from otoroshi-http-handler in otoroshi-actor-system-akka.actor.default-dispatcher-2 - Something went wrong, you should try later
java.net.ConnectException: PKIX path building failed: sun.security.provider.certpath.SunCertPathBuilderException: unable to find valid certification path to requested target
	at play.shaded.ahc.org.asynchttpclient.netty.channel.NettyConnectListener.onFailure(NettyConnectListener.java:168)
	at play.shaded.ahc.org.asynchttpclient.netty.channel.NettyConnectListener$1.onFailure(NettyConnectListener.java:139)
	at play.shaded.ahc.org.asynchttpclient.netty.SimpleFutureListener.operationComplete(SimpleFutureListener.java:26)
	at play.shaded.ahc.io.netty.util.concurrent.DefaultPromise.notifyListener0(DefaultPromise.java:507)
	at play.shaded.ahc.io.netty.util.concurrent.DefaultPromise.notifyListeners0(DefaultPromise.java:500)
	at play.shaded.ahc.io.netty.util.concurrent.DefaultPromise.notifyListenersNow(DefaultPromise.java:479)
	at play.shaded.ahc.io.netty.util.concurrent.DefaultPromise.notifyListeners(DefaultPromise.java:420)
	at play.shaded.ahc.io.netty.util.concurrent.DefaultPromise.tryFailure(DefaultPromise.java:122)
	at play.shaded.ahc.io.netty.handler.ssl.SslHandler.notifyHandshakeFailure(SslHandler.java:1443)
	at play.shaded.ahc.io.netty.handler.ssl.SslHandler.setHandshakeFailure(SslHandler.java:1435)
	at play.shaded.ahc.io.netty.handler.ssl.SslHandler.setHandshakeFailure(SslHandler.java:1409)
	at play.shaded.ahc.io.netty.handler.ssl.SslHandler.handleUnwrapThrowable(SslHandler.java:1114)
	at play.shaded.ahc.io.netty.handler.ssl.SslHandler.decodeJdkCompatible(SslHandler.java:1093)
	at play.shaded.ahc.io.netty.handler.ssl.SslHandler.decode(SslHandler.java:1122)
	at play.shaded.ahc.io.netty.handler.codec.ByteToMessageDecoder.decodeRemovalReentryProtection(ByteToMessageDecoder.java:491)
	at play.shaded.ahc.io.netty.handler.codec.ByteToMessageDecoder.callDecode(ByteToMessageDecoder.java:430)
	at play.shaded.ahc.io.netty.handler.codec.ByteToMessageDecoder.channelRead(ByteToMessageDecoder.java:267)
	at play.shaded.ahc.io.netty.channel.AbstractChannelHandlerContext.invokeChannelRead(AbstractChannelHandlerContext.java:356)
	at play.shaded.ahc.io.netty.channel.AbstractChannelHandlerContext.invokeChannelRead(AbstractChannelHandlerContext.java:342)
	at play.shaded.ahc.io.netty.channel.AbstractChannelHandlerContext.fireChannelRead(AbstractChannelHandlerContext.java:335)
	at play.shaded.ahc.io.netty.channel.DefaultChannelPipeline$HeadContext.channelRead(DefaultChannelPipeline.java:1302)
	at play.shaded.ahc.io.netty.channel.AbstractChannelHandlerContext.invokeChannelRead(AbstractChannelHandlerContext.java:356)
	at play.shaded.ahc.io.netty.channel.AbstractChannelHandlerContext.invokeChannelRead(AbstractChannelHandlerContext.java:342)
	at play.shaded.ahc.io.netty.channel.DefaultChannelPipeline.fireChannelRead(DefaultChannelPipeline.java:919)
	at play.shaded.ahc.io.netty.channel.nio.AbstractNioByteChannel$NioByteUnsafe.read(AbstractNioByteChannel.java:131)
	at play.shaded.ahc.io.netty.channel.nio.NioEventLoop.processSelectedKey(NioEventLoop.java:646)
	at play.shaded.ahc.io.netty.channel.nio.NioEventLoop.processSelectedKeysOptimized(NioEventLoop.java:581)
	at play.shaded.ahc.io.netty.channel.nio.NioEventLoop.processSelectedKeys(NioEventLoop.java:498)
	at play.shaded.ahc.io.netty.channel.nio.NioEventLoop.run(NioEventLoop.java:460)
	at play.shaded.ahc.io.netty.util.concurrent.SingleThreadEventExecutor$2.run(SingleThreadEventExecutor.java:131)
	at play.shaded.ahc.io.netty.util.concurrent.DefaultThreadFactory$DefaultRunnableDecorator.run(DefaultThreadFactory.java:138)
	at java.base/java.lang.Thread.run(Thread.java:834)
Caused by: javax.net.ssl.SSLHandshakeException: PKIX path building failed: sun.security.provider.certpath.SunCertPathBuilderException: unable to find valid certification path to requested target
	at java.base/sun.security.ssl.Alert.createSSLException(Alert.java:128)
	at java.base/sun.security.ssl.TransportContext.fatal(TransportContext.java:321)
	at java.base/sun.security.ssl.TransportContext.fatal(TransportContext.java:264)
	at java.base/sun.security.ssl.TransportContext.fatal(TransportContext.java:259)
	at java.base/sun.security.ssl.CertificateMessage$T12CertificateConsumer.checkServerCerts(CertificateMessage.java:642)
	at java.base/sun.security.ssl.CertificateMessage$T12CertificateConsumer.onCertificate(CertificateMessage.java:461)
	at java.base/sun.security.ssl.CertificateMessage$T12CertificateConsumer.consume(CertificateMessage.java:361)
	at java.base/sun.security.ssl.SSLHandshake.consume(SSLHandshake.java:392)
	at java.base/sun.security.ssl.HandshakeContext.dispatch(HandshakeContext.java:444)
	at java.base/sun.security.ssl.SSLEngineImpl$DelegatedTask$DelegatedAction.run(SSLEngineImpl.java:1065)
	at java.base/sun.security.ssl.SSLEngineImpl$DelegatedTask$DelegatedAction.run(SSLEngineImpl.java:1052)
	at java.base/java.security.AccessController.doPrivileged(Native Method)
	at java.base/sun.security.ssl.SSLEngineImpl$DelegatedTask.run(SSLEngineImpl.java:999)
	at play.shaded.ahc.io.netty.handler.ssl.SslHandler.runDelegatedTasks(SslHandler.java:1324)
	at play.shaded.ahc.io.netty.handler.ssl.SslHandler.unwrap(SslHandler.java:1232)
	at play.shaded.ahc.io.netty.handler.ssl.SslHandler.decodeJdkCompatible(SslHandler.java:1087)
	... 19 common frames omitted
Caused by: sun.security.validator.ValidatorException: PKIX path building failed: sun.security.provider.certpath.SunCertPathBuilderException: unable to find valid certification path to requested target
	at java.base/sun.security.validator.PKIXValidator.doBuild(PKIXValidator.java:385)
	at java.base/sun.security.validator.PKIXValidator.engineValidate(PKIXValidator.java:290)
	at java.base/sun.security.validator.Validator.validate(Validator.java:264)
	at java.base/sun.security.ssl.X509TrustManagerImpl.validate(X509TrustManagerImpl.java:321)
	at java.base/sun.security.ssl.X509TrustManagerImpl.checkTrusted(X509TrustManagerImpl.java:279)
	at java.base/sun.security.ssl.X509TrustManagerImpl.checkServerTrusted(X509TrustManagerImpl.java:141)
	at java.base/sun.security.ssl.CertificateMessage$T12CertificateConsumer.checkServerCerts(CertificateMessage.java:620)
	... 30 common frames omitted
Caused by: sun.security.provider.certpath.SunCertPathBuilderException: unable to find valid certification path to requested target
	at java.base/sun.security.provider.certpath.SunCertPathBuilder.build(SunCertPathBuilder.java:141)
	at java.base/sun.security.provider.certpath.SunCertPathBuilder.engineBuild(SunCertPathBuilder.java:126)
	at java.base/java.security.cert.CertPathBuilder.build(CertPathBuilder.java:297)
	at java.base/sun.security.validator.PKIXValidator.doBuild(PKIXValidator.java:380)
	... 36 common frames omitted
